CRITICAL - 2023-10-06 04:24:32 --> Undefined variable $getData
in APPPATH\Views\v_mahasiswa.php on line 31.
 1 APPPATH\Views\v_mahasiswa.php(31): CodeIgniter\Debug\Exceptions->errorHandler(2, 'Undefined variable $getData', 'D:\\xampp\\htdocs\\CI\\app\\Views\\v_mahasiswa.php', 31)
 2 SYSTEMPATH\View\View.php(224): include('D:\\xampp\\htdocs\\CI\\app\\Views\\v_mahasiswa.php')
 3 SYSTEMPATH\View\View.php(227): CodeIgniter\View\View->CodeIgniter\View\{closure}()
 4 SYSTEMPATH\Common.php(1176): CodeIgniter\View\View->render('v_mahasiswa', [], true)
 5 APPPATH\Views\template.php(18): view('v_mahasiswa')
 6 SYSTEMPATH\View\View.php(224): include('D:\\xampp\\htdocs\\CI\\app\\Views\\template.php')
 7 SYSTEMPATH\View\View.php(227): CodeIgniter\View\View->CodeIgniter\View\{closure}()
 8 SYSTEMPATH\Common.php(1176): CodeIgniter\View\View->render('template', [], true)
 9 APPPATH\Controllers\mahasiswa_db.php(11): view('template', [...])
10 SYSTEMPATH\CodeIgniter.php(932): App\Controllers\mahasiswa_db->index()
11 SYSTEMPATH\CodeIgniter.php(497): CodeIgniter\CodeIgniter->runController(Object(App\Controllers\mahasiswa_db))
12 SYSTEMPATH\CodeIgniter.php(366): CodeIgniter\CodeIgniter->handleRequest(null, Object(Config\Cache), false)
13 FCPATH\index.php(67): CodeIgniter\CodeIgniter->run()
14 SYSTEMPATH\Commands\Server\rewrite.php(47): require_once('D:\\xampp\\htdocs\\CI\\public\\index.php')
CRITICAL - 2023-10-06 04:40:13 --> Undefined property: stdClass::$nim
in APPPATH\Views\v_mahasiswa.php on line 39.
 1 APPPATH\Views\v_mahasiswa.php(39): CodeIgniter\Debug\Exceptions->errorHandler(2, 'Undefined property: stdClass::$nim', 'D:\\xampp\\htdocs\\CI\\app\\Views\\v_mahasiswa.php', 39)
 2 SYSTEMPATH\View\View.php(224): include('D:\\xampp\\htdocs\\CI\\app\\Views\\v_mahasiswa.php')
 3 SYSTEMPATH\View\View.php(227): CodeIgniter\View\View->CodeIgniter\View\{closure}()
 4 SYSTEMPATH\Common.php(1176): CodeIgniter\View\View->render('v_mahasiswa', [], true)
 5 APPPATH\Views\template.php(18): view('v_mahasiswa')
 6 SYSTEMPATH\View\View.php(224): include('D:\\xampp\\htdocs\\CI\\app\\Views\\template.php')
 7 SYSTEMPATH\View\View.php(227): CodeIgniter\View\View->CodeIgniter\View\{closure}()
 8 SYSTEMPATH\Common.php(1176): CodeIgniter\View\View->render('template', [], true)
 9 APPPATH\Controllers\mahasiswa_db.php(21): view('template', [...])
10 SYSTEMPATH\CodeIgniter.php(932): App\Controllers\mahasiswa_db->index()
11 SYSTEMPATH\CodeIgniter.php(497): CodeIgniter\CodeIgniter->runController(Object(App\Controllers\mahasiswa_db))
12 SYSTEMPATH\CodeIgniter.php(366): CodeIgniter\CodeIgniter->handleRequest(null, Object(Config\Cache), false)
13 FCPATH\index.php(67): CodeIgniter\CodeIgniter->run()
14 SYSTEMPATH\Commands\Server\rewrite.php(47): require_once('D:\\xampp\\htdocs\\CI\\public\\index.php')
